# JRE version: Java(TM) SE Runtime Environment (8.0_91-b15) (build 1.8.0_91-b15)
# Java VM: Java HotSpot(TM) 64-Bit Server VM (25.91-b15 mixed mode windows-amd64 compressed oops)
Heap:
 PSYoungGen      total 27648K, used 11129K [0x00000000d5d80000, 0x00000000d8380000, 0x0000000100000000)
  eden space 16384K, 0% used [0x00000000d5d80000,0x00000000d5d80000,0x00000000d6d80000)
  from space 11264K, 98% used [0x00000000d6d80000,0x00000000d785e640,0x00000000d7880000)
  to   space 11264K, 0% used [0x00000000d7880000,0x00000000d7880000,0x00000000d8380000)
 ParOldGen       total 60928K, used 54518K [0x0000000081800000, 0x0000000085380000, 0x00000000d5d80000)
  object space 60928K, 89% used [0x0000000081800000,0x0000000084d3db58,0x0000000085380000)
 Metaspace       used 21030K, capacity 21300K, committed 21504K, reserved 1069056K
  class space    used 2713K, capacity 2790K, committed 2816K, reserved 1048576K
GC Heap History (10 events):
Event: 4851.151 GC heap after
Heap after GC invocations=437 (full 22):
 PSYoungGen      total 27648K, used 11129K [0x00000000d5d80000, 0x00000000d8380000, 0x0000000100000000)
  eden space 16384K, 0% used [0x00000000d5d80000,0x00000000d5d80000,0x00000000d6d80000)
  from space 11264K, 98% used [0x00000000d6d80000,0x00000000d785e640,0x00000000d7880000)
  to   space 11264K, 0% used [0x00000000d7880000,0x00000000d7880000,0x00000000d8380000)
 ParOldGen       total 60928K, used 40846K [0x0000000081800000, 0x0000000085380000, 0x00000000d5d80000)
  object space 60928K, 67% used [0x0000000081800000,0x0000000083fe3b88,0x0000000085380000)
 Metaspace       used 21030K, capacity 21300K, committed 21504K, reserved 1069056K
  class space    used 2713K, capacity 2790K, committed 2816K, reserved 1048576K
}
Event: 4861.135 GC heap before
{Heap before GC invocations=438 (full 22):
 PSYoungGen      total 27648K, used 24971K [0x00000000d5d80000, 0x00000000d8380000, 0x0000000100000000)
  eden space 16384K, 84% used [0x00000000d5d80000,0x00000000d6b046c0,0x00000000d6d80000)
  from space 11264K, 98% used [0x00000000d6d80000,0x00000000d785e640,0x00000000d7880000)
  to   space 11264K, 0% used [0x00000000d7880000,0x00000000d7880000,0x00000000d8380000)
 ParOldGen       total 60928K, used 40846K [0x0000000081800000, 0x0000000085380000, 0x00000000d5d80000)
  object space 60928K, 67% used [0x0000000081800000,0x0000000083fe3b88,0x0000000085380000)
 Metaspace       used 21030K, capacity 21300K, committed 21504K, reserved 1069056K
  class space    used 2713K, capacity 2790K, committed 2816K, reserved 1048576K
Event: 4861.138 GC heap after
Heap after GC invocations=438 (full 22):
 PSYoungGen      total 27648K, used 11097K [0x00000000d5d80000, 0x00000000d8380000, 0x0000000100000000)
  eden space 16384K, 0% used [0x00000000d5d80000,0x00000000d5d80000,0x00000000d6d80000)
  from space 11264K, 98% used [0x00000000d7880000,0x00000000d8356640,0x00000000d8380000)
  to   space 11264K, 0% used [0x00000000d6d80000,0x00000000d6d80000,0x00000000d7880000)
 ParOldGen       total 60928K, used 46315K [0x0000000081800000, 0x0000000085380000, 0x00000000d5d80000)
  object space 60928K, 76% used [0x0000000081800000,0x000000008453aea8,0x0000000085380000)
 Metaspace       used 21030K, capacity 21300K, committed 21504K, reserved 1069056K
  class space    used 2713K, capacity 2790K, committed 2816K, reserved 1048576K
}
Event: 4871.137 GC heap before
{Heap before GC invocations=439 (full 22):
 PSYoungGen      total 27648K, used 25208K [0x00000000d5d80000, 0x00000000d8380000, 0x0000000100000000)
  eden space 16384K, 86% used [0x00000000d5d80000,0x00000000d6b47b08,0x00000000d6d80000)
  from space 11264K, 98% used [0x00000000d7880000,0x00000000d8356640,0x00000000d8380000)
  to   space 11264K, 0% used [0x00000000d6d80000,0x00000000d6d80000,0x00000000d7880000)
 ParOldGen       total 60928K, used 46315K [0x0000000081800000, 0x0000000085380000, 0x00000000d5d80000)
  object space 60928K, 76% used [0x0000000081800000,0x000000008453aea8,0x0000000085380000)
 Metaspace       used 21030K, capacity 21300K, committed 21504K, reserved 1069056K
  class space    used 2713K, capacity 2790K, committed 2816K, reserved 1048576K
Event: 4871.139 GC heap after
Heap after GC invocations=439 (full 22):
 PSYoungGen      total 27648K, used 11129K [0x00000000d5d80000, 0x00000000d8380000, 0x0000000100000000)
  eden space 16384K, 0% used [0x00000000d5d80000,0x00000000d5d80000,0x00000000d6d80000)
  from space 11264K, 98% used [0x00000000d6d80000,0x00000000d785e640,0x00000000d7880000)
  to   space 11264K, 0% used [0x00000000d7880000,0x00000000d7880000,0x00000000d8380000)
 ParOldGen       total 60928K, used 46315K [0x0000000081800000, 0x0000000085380000, 0x00000000d5d80000)
  object space 60928K, 76% used [0x0000000081800000,0x000000008453aea8,0x0000000085380000)
 Metaspace       used 21030K, capacity 21300K, committed 21504K, reserved 1069056K
  class space    used 2713K, capacity 2790K, committed 2816K, reserved 1048576K
}
Event: 4876.210 GC heap before
{Heap before GC invocations=440 (full 22):
 PSYoungGen      total 27648K, used 27513K [0x00000000d5d80000, 0x00000000d8380000, 0x0000000100000000)
  eden space 16384K, 100% used [0x00000000d5d80000,0x00000000d6d80000,0x00000000d6d80000)
  from space 11264K, 98% used [0x00000000d6d80000,0x00000000d785e640,0x00000000d7880000)
  to   space 11264K, 0% used [0x00000000d7880000,0x00000000d7880000,0x00000000d8380000)
 ParOldGen       total 60928K, used 46315K [0x0000000081800000, 0x0000000085380000, 0x00000000d5d80000)
  object space 60928K, 76% used [0x0000000081800000,0x000000008453aea8,0x0000000085380000)
 Metaspace       used 21030K, capacity 21300K, committed 21504K, reserved 1069056K
  class space    used 2713K, capacity 2790K, committed 2816K, reserved 1048576K
Event: 4876.212 GC heap after
Heap after GC invocations=440 (full 22):
 PSYoungGen      total 27648K, used 11129K [0x00000000d5d80000, 0x00000000d8380000, 0x0000000100000000)
  eden space 16384K, 0% used [0x00000000d5d80000,0x00000000d5d80000,0x00000000d6d80000)
  from space 11264K, 98% used [0x00000000d7880000,0x00000000d835e640,0x00000000d8380000)
  to   space 11264K, 0% used [0x00000000d6d80000,0x00000000d6d80000,0x00000000d7880000)
 ParOldGen       total 60928K, used 49050K [0x0000000081800000, 0x0000000085380000, 0x00000000d5d80000)
  object space 60928K, 80% used [0x0000000081800000,0x00000000847e6838,0x0000000085380000)
 Metaspace       used 21030K, capacity 21300K, committed 21504K, reserved 1069056K
  class space    used 2713K, capacity 2790K, committed 2816K, reserved 1048576K
}
Event: 4886.213 GC heap before
{Heap before GC invocations=441 (full 22):
 PSYoungGen      total 27648K, used 27513K [0x00000000d5d80000, 0x00000000d8380000, 0x0000000100000000)
  eden space 16384K, 100% used [0x00000000d5d80000,0x00000000d6d80000,0x00000000d6d80000)
  from space 11264K, 98% used [0x00000000d7880000,0x00000000d835e640,0x00000000d8380000)
  to   space 11264K, 0% used [0x00000000d6d80000,0x00000000d6d80000,0x00000000d7880000)
 ParOldGen       total 60928K, used 49050K [0x0000000081800000, 0x0000000085380000, 0x00000000d5d80000)
  object space 60928K, 80% used [0x0000000081800000,0x00000000847e6838,0x0000000085380000)
 Metaspace       used 21030K, capacity 21300K, committed 21504K, reserved 1069056K
  class space    used 2713K, capacity 2790K, committed 2816K, reserved 1048576K
Event: 4886.215 GC heap after
Heap after GC invocations=441 (full 22):
 PSYoungGen      total 27648K, used 11129K [0x00000000d5d80000, 0x00000000d8380000, 0x0000000100000000)
  eden space 16384K, 0% used [0x00000000d5d80000,0x00000000d5d80000,0x00000000d6d80000)
  from space 11264K, 98% used [0x00000000d6d80000,0x00000000d785e640,0x00000000d7880000)
  to   space 11264K, 0% used [0x00000000d7880000,0x00000000d7880000,0x00000000d8380000)
 ParOldGen       total 60928K, used 54518K [0x0000000081800000, 0x0000000085380000, 0x00000000d5d80000)
  object space 60928K, 89% used [0x0000000081800000,0x0000000084d3db58,0x0000000085380000)
 Metaspace       used 21030K, capacity 21300K, committed 21504K, reserved 1069056K
  class space    used 2713K, capacity 2790K, committed 2816K, reserved 1048576K
}
Event: 4886.215 GC heap before
{Heap before GC invocations=442 (full 23):
 PSYoungGen      total 27648K, used 11129K [0x00000000d5d80000, 0x00000000d8380000, 0x0000000100000000)
  eden space 16384K, 0% used [0x00000000d5d80000,0x00000000d5d80000,0x00000000d6d80000)
  from space 11264K, 98% used [0x00000000d6d80000,0x00000000d785e640,0x00000000d7880000)
  to   space 11264K, 0% used [0x00000000d7880000,0x00000000d7880000,0x00000000d8380000)
 ParOldGen       total 60928K, used 54518K [0x0000000081800000, 0x0000000085380000, 0x00000000d5d80000)
  object space 60928K, 89% used [0x0000000081800000,0x0000000084d3db58,0x0000000085380000)
 Metaspace       used 21030K, capacity 21300K, committed 21504K, reserved 1069056K
  class space    used 2713K, capacity 2790K, committed 2816K, reserved 1048576K

